Using pre-set license
Built from '2021.2/staging' branch; Version is '2021.2.7f1 (6bd9e232123f) revision 7068130'; Using compiler version '192829333'; Build Type 'Release'
OS: 'Windows 10  (10.0.19042) 64bit Enterprise' Language: 'en' Physical Memory: 32658 MB
BatchMode: 1, IsHumanControllingUs: 0, StartBugReporterOnCrash: 0, Is64bit: 1, IsPro: 0

COMMAND LINE ARGUMENTS:
C:\Program Files\Unity 2021.2.7f1\Editor\Unity.exe
-adb2
-batchMode
-noUpm
-name
AssetImportWorker4
-projectPath
C:/Users/Lab Folders/Documents/GitHub/GameProgramming121/M.E.S.S.S
-logFile
Logs/AssetImportWorker4.log
-srvPort
54892
Successfully changed project path to: C:/Users/Lab Folders/Documents/GitHub/GameProgramming121/M.E.S.S.S
C:/Users/Lab Folders/Documents/GitHub/GameProgramming121/M.E.S.S.S
[UnityMemory] Configuration Parameters - Can be set up in boot.config
    "memorysetup-bucket-allocator-granularity=16"
    "memorysetup-bucket-allocator-bucket-count=8"
    "memorysetup-bucket-allocator-block-size=33554432"
    "memorysetup-bucket-allocator-block-count=8"
    "memorysetup-main-allocator-block-size=16777216"
    "memorysetup-thread-allocator-block-size=16777216"
    "memorysetup-gfx-main-allocator-block-size=16777216"
    "memorysetup-gfx-thread-allocator-block-size=16777216"
    "memorysetup-cache-allocator-block-size=4194304"
    "memorysetup-typetree-allocator-block-size=2097152"
    "memorysetup-profiler-bucket-allocator-granularity=16"
    "memorysetup-profiler-bucket-allocator-bucket-count=8"
    "memorysetup-profiler-bucket-allocator-block-size=33554432"
    "memorysetup-profiler-bucket-allocator-block-count=8"
    "memorysetup-profiler-allocator-block-size=16777216"
    "memorysetup-profiler-editor-allocator-block-size=1048576"
    "memorysetup-temp-allocator-size-main=16777216"
    "memorysetup-job-temp-allocator-block-size=2097152"
    "memorysetup-job-temp-allocator-block-size-background=1048576"
    "memorysetup-job-temp-allocator-reduction-small-platforms=262144"
    "memorysetup-temp-allocator-size-background-worker=32768"
    "memorysetup-temp-allocator-size-job-worker=262144"
    "memorysetup-temp-allocator-size-preload-manager=33554432"
    "memorysetup-temp-allocator-size-nav-mesh-worker=65536"
    "memorysetup-temp-allocator-size-audio-worker=65536"
    "memorysetup-temp-allocator-size-cloud-worker=32768"
    "memorysetup-temp-allocator-size-gi-baking-worker=262144"
    "memorysetup-temp-allocator-size-gfx=262144"
Refreshing native plugins compatible for Editor in 126.80 ms, found 3 plugins.
Preloading 0 native plugins for Editor in 0.00 ms.
Initialize engine version: 2021.2.7f1 (6bd9e232123f)
[Subsystems] Discovering subsystems at path C:/Program Files/Unity 2021.2.7f1/Editor/Data/Resources/UnitySubsystems
[Subsystems] Discovering subsystems at path C:/Users/Lab Folders/Documents/GitHub/GameProgramming121/M.E.S.S.S/Assets
GfxDevice: creating device client; threaded=0; jobified=0
Direct3D:
    Version:  Direct3D 11.0 [level 11.1]
    Renderer: NVIDIA GeForce GTX 1080 (ID=0x1b80)
    Vendor:   NVIDIA
    VRAM:     8079 MB
    Driver:   30.0.14.7212
Initialize mono
Mono path[0] = 'C:/Program Files/Unity 2021.2.7f1/Editor/Data/Managed'
Mono path[1] = 'C:/Program Files/Unity 2021.2.7f1/Editor/Data/MonoBleedingEdge/lib/mono/unityjit-win32'
Mono config path = 'C:/Program Files/Unity 2021.2.7f1/Editor/Data/MonoBleedingEdge/etc'
Using monoOptions --debugger-agent=transport=dt_socket,embedding=1,server=y,suspend=n,address=127.0.0.1:56012
Begin MonoManager ReloadAssembly
Registering precompiled unity dll's ...
Register platform support module: C:/Program Files/Unity 2021.2.7f1/Editor/Data/PlaybackEngines/WebGLSupport/UnityEditor.WebGL.Extensions.dll
Register platform support module: C:/Program Files/Unity 2021.2.7f1/Editor/Data/PlaybackEngines/WindowsStandaloneSupport/UnityEditor.WindowsStandalone.Extensions.dll
Registered in 0.011676 seconds.
Native extension for WindowsStandalone target not found
Native extension for WebGL target not found
Refreshing native plugins compatible for Editor in 89.96 ms, found 3 plugins.
Preloading 0 native plugins for Editor in 0.00 ms.
Mono: successfully reloaded assembly
- Completed reload, in  0.740 seconds
Domain Reload Profiling:
	ReloadAssembly (740ms)
		BeginReloadAssembly (102ms)
			ExecutionOrderSort (0ms)
			DisableScriptedObjects (0ms)
			BackupInstance (0ms)
			ReleaseScriptingObjects (0ms)
			CreateAndSetChildDomain (1ms)
		EndReloadAssembly (536ms)
			LoadAssemblies (98ms)
			RebuildTransferFunctionScriptingTraits (0ms)
			SetupTypeCache (116ms)
			ReleaseScriptCaches (0ms)
			RebuildScriptCaches (31ms)
			SetupLoadedEditorAssemblies (324ms)
				LogAssemblyErrors (0ms)
				InitializePlatformSupportModulesInManaged (21ms)
				SetLoadedEditorAssemblies (0ms)
				RefreshPlugins (90ms)
				BeforeProcessingInitializeOnLoad (1ms)
				ProcessInitializeOnLoadAttributes (161ms)
				ProcessInitializeOnLoadMethodAttributes (51ms)
				AfterProcessingInitializeOnLoad (0ms)
				EditorAssembliesLoaded (0ms)
			ExecutionOrderSort2 (0ms)
			AwakeInstancesAfterBackupRestoration (0ms)
Platform modules already initialized, skipping
Registering precompiled user dll's ...
Registered in 0.010875 seconds.
Begin MonoManager ReloadAssembly
Native extension for WindowsStandalone target not found
Native extension for WebGL target not found
Refreshing native plugins compatible for Editor in 0.73 ms, found 3 plugins.
Preloading 0 native plugins for Editor in 0.00 ms.
Mono: successfully reloaded assembly
- Completed reload, in  1.200 seconds
Domain Reload Profiling:
	ReloadAssembly (1201ms)
		BeginReloadAssembly (149ms)
			ExecutionOrderSort (0ms)
			DisableScriptedObjects (7ms)
			BackupInstance (0ms)
			ReleaseScriptingObjects (0ms)
			CreateAndSetChildDomain (27ms)
		EndReloadAssembly (930ms)
			LoadAssemblies (115ms)
			RebuildTransferFunctionScriptingTraits (0ms)
			SetupTypeCache (287ms)
			ReleaseScriptCaches (1ms)
			RebuildScriptCaches (62ms)
			SetupLoadedEditorAssemblies (427ms)
				LogAssemblyErrors (0ms)
				InitializePlatformSupportModulesInManaged (16ms)
				SetLoadedEditorAssemblies (1ms)
				RefreshPlugins (1ms)
				BeforeProcessingInitializeOnLoad (97ms)
				ProcessInitializeOnLoadAttributes (269ms)
				ProcessInitializeOnLoadMethodAttributes (28ms)
				AfterProcessingInitializeOnLoad (16ms)
				EditorAssembliesLoaded (0ms)
			ExecutionOrderSort2 (0ms)
			AwakeInstancesAfterBackupRestoration (6ms)
Platform modules already initialized, skipping
========================================================================
Worker process is ready to serve import requests
Launched and connected shader compiler UnityShaderCompiler.exe after 0.05 seconds
Refreshing native plugins compatible for Editor in 0.86 ms, found 3 plugins.
Preloading 0 native plugins for Editor in 0.00 ms.
Unloading 3496 Unused Serialized files (Serialized files now loaded: 0)
Unloading 24 unused Assets / (117.3 KB). Loaded Objects now: 3956.
Memory consumption went from 130.2 MB to 130.1 MB.
Total: 3.188100 ms (FindLiveObjects: 0.302400 ms CreateObjectMapping: 0.148700 ms MarkObjects: 2.620100 ms  DeleteObjects: 0.115700 ms)

AssetImportParameters requested are different than current active one (requested -> active):
  custom:video-decoder-ogg-theora: a1e56fd34408186e4bbccfd4996cb3dc -> 
  custom:container-muxer-webm: aa71ff27fc2769a1b78a27578f13a17b -> 
  custom:container-demuxer-webm: 4f35f7cbe854078d1ac9338744f61a02 -> 
  custom:video-encoder-webm-vp8: eb34c28f22e8b96e1ab97ce403110664 -> 
  custom:audio-encoder-webm-vorbis: bf7c407c2cedff20999df2af8eb42d56 -> 
  custom:framework-win-MediaFoundation: 216162199b28c13a410421893ffa2e32 -> 
  custom:container-demuxer-ogg: 62fdf1f143b41e24485cea50d1cbac27 -> 
  custom:video-decoder-webm-vp8: 9c59270c3fd7afecdb556c50c9e8de78 -> 
  custom:audio-decoder-ogg-vorbis: bf7c407c2cedff20999df2af8eb42d56 -> 
========================================================================
Received Import Request.
  Time since last request: 2360.011695 seconds.
  path: Assets/PolygonSciFiSpace/Prefabs/Environment
  artifactKey: Guid(3a3dd0abca047d94eae1fd3c69a11f83) Importer(815301076,1909f56bfc062723c751e8b465ee728b)
Start importing Assets/PolygonSciFiSpace/Prefabs/Environment using Guid(3a3dd0abca047d94eae1fd3c69a11f83) Importer(815301076,1909f56bfc062723c751e8b465ee728b)  -> (artifact id: 'c331c86a17d9064bfe89a8880ad3758f') in 0.008621 seconds 
========================================================================
Received Import Request.
  Time since last request: 0.048220 seconds.
  path: Assets/PolygonSciFiSpace/Prefabs/Environment/SM_Env_Asteroid_01.prefab
  artifactKey: Guid(28548987d12c89f4bb36b9bef96ceebe) Importer(815301076,1909f56bfc062723c751e8b465ee728b)
Start importing Assets/PolygonSciFiSpace/Prefabs/Environment/SM_Env_Asteroid_01.prefab using Guid(28548987d12c89f4bb36b9bef96ceebe) Importer(815301076,1909f56bfc062723c751e8b465ee728b)  -> (artifact id: '4a3f18a8cf88fcb0ae11d74b54f79500') in 0.411144 seconds 
========================================================================
Received Import Request.
  Time since last request: 0.000035 seconds.
  path: Assets/PolygonSciFiSpace/Prefabs/Environment/SM_Env_Asteroid_Holes_05.prefab
  artifactKey: Guid(5e616c2418668fc40a838b6fbec12b54) Importer(815301076,1909f56bfc062723c751e8b465ee728b)
Start importing Assets/PolygonSciFiSpace/Prefabs/Environment/SM_Env_Asteroid_Holes_05.prefab using Guid(5e616c2418668fc40a838b6fbec12b54) Importer(815301076,1909f56bfc062723c751e8b465ee728b)  -> (artifact id: '6fb8a29f0652b174c890ca94454a69b9') in 0.053248 seconds 
========================================================================
Received Import Request.
  Time since last request: 0.000027 seconds.
  path: Assets/PolygonSciFiSpace/Prefabs/Environment/SM_Env_Asteroid_Rock_01.prefab
  artifactKey: Guid(04510a9b75554b4499ab7aa4628e2c4c) Importer(815301076,1909f56bfc062723c751e8b465ee728b)
Start importing Assets/PolygonSciFiSpace/Prefabs/Environment/SM_Env_Asteroid_Rock_01.prefab using Guid(04510a9b75554b4499ab7aa4628e2c4c) Importer(815301076,1909f56bfc062723c751e8b465ee728b)  -> (artifact id: '25b9f9e78f7b27c49cb305f1aab38ebd') in 0.019491 seconds 
========================================================================
Received Import Request.
  Time since last request: 0.399286 seconds.
  path: Assets/PolygonSciFiSpace/Prefabs/Environment/SM_Env_Asteroid_Rock_04.prefab
  artifactKey: Guid(9338b35696373474eaddee04d4c63e4c) Importer(815301076,1909f56bfc062723c751e8b465ee728b)
Start importing Assets/PolygonSciFiSpace/Prefabs/Environment/SM_Env_Asteroid_Rock_04.prefab using Guid(9338b35696373474eaddee04d4c63e4c) Importer(815301076,1909f56bfc062723c751e8b465ee728b)  -> (artifact id: '270db328721aed6bb0344ef40f933171') in 0.017023 seconds 
========================================================================
Received Import Request.
  Time since last request: 0.016888 seconds.
  path: Assets/PolygonSciFiSpace/Prefabs/Environment/SM_Env_Debris_Pipe_01.prefab
  artifactKey: Guid(91f739cfcee797a4cbaabbb8316c23f9) Importer(815301076,1909f56bfc062723c751e8b465ee728b)
Start importing Assets/PolygonSciFiSpace/Prefabs/Environment/SM_Env_Debris_Pipe_01.prefab using Guid(91f739cfcee797a4cbaabbb8316c23f9) Importer(815301076,1909f56bfc062723c751e8b465ee728b)  -> (artifact id: '7bafeddfa6d17f71197656fef5fcb647') in 0.017868 seconds 
========================================================================
Received Import Request.
  Time since last request: 0.359460 seconds.
  path: Assets/PolygonSciFiSpace/Prefabs/Environment/SM_Env_Debris_Shell_04.prefab
  artifactKey: Guid(b7f06c4ac52aa9442b96c3dcdb664ef5) Importer(815301076,1909f56bfc062723c751e8b465ee728b)
Start importing Assets/PolygonSciFiSpace/Prefabs/Environment/SM_Env_Debris_Shell_04.prefab using Guid(b7f06c4ac52aa9442b96c3dcdb664ef5) Importer(815301076,1909f56bfc062723c751e8b465ee728b)  -> (artifact id: '3028328fa83b0479c1dd1f300ec68952') in 0.017409 seconds 
========================================================================
Received Import Request.
  Time since last request: 0.018820 seconds.
  path: Assets/PolygonSciFiSpace/Prefabs/Environment/SM_Env_Debris_Shell_08.prefab
  artifactKey: Guid(3b7a720eafe7ab247a08d41e9d0913ed) Importer(815301076,1909f56bfc062723c751e8b465ee728b)
Start importing Assets/PolygonSciFiSpace/Prefabs/Environment/SM_Env_Debris_Shell_08.prefab using Guid(3b7a720eafe7ab247a08d41e9d0913ed) Importer(815301076,1909f56bfc062723c751e8b465ee728b)  -> (artifact id: '87f6a2cdce715a17361bf7a9fb6b0efe') in 0.017802 seconds 
========================================================================
Received Import Request.
  Time since last request: 0.000021 seconds.
  path: Assets/PolygonSciFiSpace/Prefabs/Environment/SM_Env_Planet_02.prefab
  artifactKey: Guid(6c482119a671f6447874cf698b240b6a) Importer(815301076,1909f56bfc062723c751e8b465ee728b)
Start importing Assets/PolygonSciFiSpace/Prefabs/Environment/SM_Env_Planet_02.prefab using Guid(6c482119a671f6447874cf698b240b6a) Importer(815301076,1909f56bfc062723c751e8b465ee728b)  -> (artifact id: '5b18dba0118103c03524e8dc945455bc') in 0.013934 seconds 
========================================================================
Received Import Request.
  Time since last request: 0.320008 seconds.
  path: Assets/PolygonSciFiSpace/Prefabs/Environment/SM_Env_Planet_03.prefab
  artifactKey: Guid(85aa1a5065e52b54099f3ebde7ea64d5) Importer(815301076,1909f56bfc062723c751e8b465ee728b)
Start importing Assets/PolygonSciFiSpace/Prefabs/Environment/SM_Env_Planet_03.prefab using Guid(85aa1a5065e52b54099f3ebde7ea64d5) Importer(815301076,1909f56bfc062723c751e8b465ee728b)  -> (artifact id: 'cbde1de78cb3d5fd59dc5cd160be69e4') in 0.014174 seconds 
========================================================================
Received Import Request.
  Time since last request: 0.021363 seconds.
  path: Assets/PolygonSciFiSpace/Prefabs/Environment/SM_Env_Planet_05.prefab
  artifactKey: Guid(e5b0895945f05af4eb6a53e6780be89e) Importer(815301076,1909f56bfc062723c751e8b465ee728b)
Start importing Assets/PolygonSciFiSpace/Prefabs/Environment/SM_Env_Planet_05.prefab using Guid(e5b0895945f05af4eb6a53e6780be89e) Importer(815301076,1909f56bfc062723c751e8b465ee728b)  -> (artifact id: '5641d562d4cd3e5cab65a46b41e1ebfb') in 0.014161 seconds 
========================================================================
Received Import Request.
  Time since last request: 0.014336 seconds.
  path: Assets/PolygonSciFiSpace/Prefabs/Environment/SM_Env_Planet_07.prefab
  artifactKey: Guid(cc6421ec9dce2374fa511409c46a96d3) Importer(815301076,1909f56bfc062723c751e8b465ee728b)
Start importing Assets/PolygonSciFiSpace/Prefabs/Environment/SM_Env_Planet_07.prefab using Guid(cc6421ec9dce2374fa511409c46a96d3) Importer(815301076,1909f56bfc062723c751e8b465ee728b)  -> (artifact id: '61a32617dcbc4b1cfb9bb1bab662afe7') in 0.015263 seconds 
========================================================================
Received Import Request.
  Time since last request: 2.627372 seconds.
  path: Assets/PolygonSciFiSpace/Prefabs/Environment/SM_Env_Planet_011.prefab
  artifactKey: Guid(0b15e029373632949ae6a5f6f56623e4) Importer(815301076,1909f56bfc062723c751e8b465ee728b)
Start importing Assets/PolygonSciFiSpace/Prefabs/Environment/SM_Env_Planet_011.prefab using Guid(0b15e029373632949ae6a5f6f56623e4) Importer(815301076,1909f56bfc062723c751e8b465ee728b)  -> (artifact id: 'fc22d58c42ae59b637587047d77ce534') in 0.014717 seconds 
========================================================================
Received Import Request.
  Time since last request: 0.042094 seconds.
  path: Assets/PolygonSciFiSpace/Prefabs/Environment/SM_Env_Planet_13.prefab
  artifactKey: Guid(c906f458df0dfe54096955f6c9df4f82) Importer(815301076,1909f56bfc062723c751e8b465ee728b)
Start importing Assets/PolygonSciFiSpace/Prefabs/Environment/SM_Env_Planet_13.prefab using Guid(c906f458df0dfe54096955f6c9df4f82) Importer(815301076,1909f56bfc062723c751e8b465ee728b)  -> (artifact id: 'c4ad016f7103bef3553dce8e389121d3') in 0.014693 seconds 
========================================================================
Received Import Request.
  Time since last request: 0.025912 seconds.
  path: Assets/PolygonSciFiSpace/Prefabs/Environment/SM_Env_PlanetRings_01.prefab
  artifactKey: Guid(4f18bd9d42d26074fac7a87dbe5da29c) Importer(815301076,1909f56bfc062723c751e8b465ee728b)
Start importing Assets/PolygonSciFiSpace/Prefabs/Environment/SM_Env_PlanetRings_01.prefab using Guid(4f18bd9d42d26074fac7a87dbe5da29c) Importer(815301076,1909f56bfc062723c751e8b465ee728b)  -> (artifact id: 'e0cd3818127392154401a42496ef6195') in 0.043884 seconds 
========================================================================
Received Import Request.
  Time since last request: 0.373476 seconds.
  path: Assets/PolygonSciFiSpace/Prefabs/Environment/SM_Env_Rubble_Pile_02.prefab
  artifactKey: Guid(c1d4883f15067244090c89d0470f582e) Importer(815301076,1909f56bfc062723c751e8b465ee728b)
Start importing Assets/PolygonSciFiSpace/Prefabs/Environment/SM_Env_Rubble_Pile_02.prefab using Guid(c1d4883f15067244090c89d0470f582e) Importer(815301076,1909f56bfc062723c751e8b465ee728b)  -> (artifact id: '73745377236d3f05ae27860cf7a8b006') in 0.016799 seconds 
========================================================================
Received Import Request.
  Time since last request: 231.386582 seconds.
  path: Assets/Level2Maybe/Tiles/_SmallCorner.prefab
  artifactKey: Guid(cdf7797d3bd73244b97ad74b49d6d8db) Importer(815301076,1909f56bfc062723c751e8b465ee728b)
Start importing Assets/Level2Maybe/Tiles/_SmallCorner.prefab using Guid(cdf7797d3bd73244b97ad74b49d6d8db) Importer(815301076,1909f56bfc062723c751e8b465ee728b)  -> (artifact id: 'cd5d667b4d10968a03278e4a4856944c') in 0.024847 seconds 
========================================================================
Received Import Request.
  Time since last request: 7.082289 seconds.
  path: Assets/Level2Maybe/Tiles/_SmallCorner.prefab
  artifactKey: Guid(cdf7797d3bd73244b97ad74b49d6d8db) Importer(815301076,1909f56bfc062723c751e8b465ee728b)
Start importing Assets/Level2Maybe/Tiles/_SmallCorner.prefab using Guid(cdf7797d3bd73244b97ad74b49d6d8db) Importer(815301076,1909f56bfc062723c751e8b465ee728b)  -> (artifact id: 'f606523ef381d0d095d4aa927aae6e69') in 0.006327 seconds 
========================================================================
Received Import Request.
  Time since last request: 0.973130 seconds.
  path: Assets/Level2Maybe/Tiles/_SmallCorner.prefab
  artifactKey: Guid(cdf7797d3bd73244b97ad74b49d6d8db) Importer(815301076,1909f56bfc062723c751e8b465ee728b)
Start importing Assets/Level2Maybe/Tiles/_SmallCorner.prefab using Guid(cdf7797d3bd73244b97ad74b49d6d8db) Importer(815301076,1909f56bfc062723c751e8b465ee728b)  -> (artifact id: 'd20dad709bbcf98a97a593ddd417e3d1') in 0.005981 seconds 
========================================================================
Received Import Request.
  Time since last request: 0.793029 seconds.
  path: Assets/Level2Maybe/Tiles/_SmallCorner.prefab
  artifactKey: Guid(cdf7797d3bd73244b97ad74b49d6d8db) Importer(815301076,1909f56bfc062723c751e8b465ee728b)
Start importing Assets/Level2Maybe/Tiles/_SmallCorner.prefab using Guid(cdf7797d3bd73244b97ad74b49d6d8db) Importer(815301076,1909f56bfc062723c751e8b465ee728b)  -> (artifact id: '9ae91d8445c8bb436d2cf9d26650b7aa') in 0.006204 seconds 
========================================================================
Received Import Request.
  Time since last request: 0.792913 seconds.
  path: Assets/Level2Maybe/Tiles/_SmallCorner.prefab
  artifactKey: Guid(cdf7797d3bd73244b97ad74b49d6d8db) Importer(815301076,1909f56bfc062723c751e8b465ee728b)
Start importing Assets/Level2Maybe/Tiles/_SmallCorner.prefab using Guid(cdf7797d3bd73244b97ad74b49d6d8db) Importer(815301076,1909f56bfc062723c751e8b465ee728b)  -> (artifact id: '217c0e57acf0c7633d334112ec071e35') in 0.006418 seconds 
========================================================================
Received Import Request.
  Time since last request: 2.215084 seconds.
  path: Assets/Level2Maybe/Tiles/_SmallCorner.prefab
  artifactKey: Guid(cdf7797d3bd73244b97ad74b49d6d8db) Importer(815301076,1909f56bfc062723c751e8b465ee728b)
Start importing Assets/Level2Maybe/Tiles/_SmallCorner.prefab using Guid(cdf7797d3bd73244b97ad74b49d6d8db) Importer(815301076,1909f56bfc062723c751e8b465ee728b)  -> (artifact id: 'b253529d36d0e970f687f1cd3444126f') in 0.005765 seconds 
========================================================================
Received Import Request.
  Time since last request: 3.618842 seconds.
  path: Assets/Level2Maybe/Tiles/_SmallCorner.prefab
  artifactKey: Guid(cdf7797d3bd73244b97ad74b49d6d8db) Importer(815301076,1909f56bfc062723c751e8b465ee728b)
Start importing Assets/Level2Maybe/Tiles/_SmallCorner.prefab using Guid(cdf7797d3bd73244b97ad74b49d6d8db) Importer(815301076,1909f56bfc062723c751e8b465ee728b)  -> (artifact id: '7f60f925272f49be57c319e099752365') in 0.006805 seconds 
========================================================================
Received Import Request.
  Time since last request: 1.588083 seconds.
  path: Assets/Level2Maybe/Tiles/_SmallCorner.prefab
  artifactKey: Guid(cdf7797d3bd73244b97ad74b49d6d8db) Importer(815301076,1909f56bfc062723c751e8b465ee728b)
Start importing Assets/Level2Maybe/Tiles/_SmallCorner.prefab using Guid(cdf7797d3bd73244b97ad74b49d6d8db) Importer(815301076,1909f56bfc062723c751e8b465ee728b)  -> (artifact id: 'dde038b55622dcae12461e649dffaf8f') in 0.006009 seconds 
========================================================================
Received Import Request.
  Time since last request: 1.413123 seconds.
  path: Assets/Level2Maybe/Tiles/_SmallWall.prefab
  artifactKey: Guid(603afd5505fe2564382351ce994c9054) Importer(815301076,1909f56bfc062723c751e8b465ee728b)
Start importing Assets/Level2Maybe/Tiles/_SmallWall.prefab using Guid(603afd5505fe2564382351ce994c9054) Importer(815301076,1909f56bfc062723c751e8b465ee728b)  -> (artifact id: '37fedd0e1aecde1735da896980fbc592') in 0.005947 seconds 
========================================================================
Received Import Request.
  Time since last request: 3.801260 seconds.
  path: Assets/Level2Maybe/Tiles/_SmallWall.prefab
  artifactKey: Guid(603afd5505fe2564382351ce994c9054) Importer(815301076,1909f56bfc062723c751e8b465ee728b)
Start importing Assets/Level2Maybe/Tiles/_SmallWall.prefab using Guid(603afd5505fe2564382351ce994c9054) Importer(815301076,1909f56bfc062723c751e8b465ee728b)  -> (artifact id: '9e230a703c859e10c46cfac2f1356c5d') in 0.005938 seconds 
========================================================================
Received Import Request.
  Time since last request: 0.852866 seconds.
  path: Assets/Level2Maybe/Tiles/_SmallWall.prefab
  artifactKey: Guid(603afd5505fe2564382351ce994c9054) Importer(815301076,1909f56bfc062723c751e8b465ee728b)
Start importing Assets/Level2Maybe/Tiles/_SmallWall.prefab using Guid(603afd5505fe2564382351ce994c9054) Importer(815301076,1909f56bfc062723c751e8b465ee728b)  -> (artifact id: '82e5c7a0954d899f134ff658fd223915') in 0.006388 seconds 
========================================================================
Received Import Request.
  Time since last request: 1.184758 seconds.
  path: Assets/Level2Maybe/Tiles/_SmallWall.prefab
  artifactKey: Guid(603afd5505fe2564382351ce994c9054) Importer(815301076,1909f56bfc062723c751e8b465ee728b)
Start importing Assets/Level2Maybe/Tiles/_SmallWall.prefab using Guid(603afd5505fe2564382351ce994c9054) Importer(815301076,1909f56bfc062723c751e8b465ee728b)  -> (artifact id: '730cdab240fb384bd8e6dfead56ea468') in 0.006082 seconds 
========================================================================
Received Import Request.
  Time since last request: 1.805795 seconds.
  path: Assets/Level2Maybe/Tiles/_SmallWall.prefab
  artifactKey: Guid(603afd5505fe2564382351ce994c9054) Importer(815301076,1909f56bfc062723c751e8b465ee728b)
Start importing Assets/Level2Maybe/Tiles/_SmallWall.prefab using Guid(603afd5505fe2564382351ce994c9054) Importer(815301076,1909f56bfc062723c751e8b465ee728b)  -> (artifact id: '1709287526ae4ab37baf8e6bc24c628e') in 0.005953 seconds 
========================================================================
Received Import Request.
  Time since last request: 2.822518 seconds.
  path: Assets/Level2Maybe/Tiles/_SmallWall.prefab
  artifactKey: Guid(603afd5505fe2564382351ce994c9054) Importer(815301076,1909f56bfc062723c751e8b465ee728b)
Start importing Assets/Level2Maybe/Tiles/_SmallWall.prefab using Guid(603afd5505fe2564382351ce994c9054) Importer(815301076,1909f56bfc062723c751e8b465ee728b)  -> (artifact id: '9fae8d01536675c86a3574452b0a514f') in 0.006074 seconds 
========================================================================
Received Import Request.
  Time since last request: 8.374856 seconds.
  path: Assets/Level2Maybe/Tiles/_LargeToSmallTransition.prefab
  artifactKey: Guid(611fcb0988ea668439368699b0b98cec) Importer(815301076,1909f56bfc062723c751e8b465ee728b)
Start importing Assets/Level2Maybe/Tiles/_LargeToSmallTransition.prefab using Guid(611fcb0988ea668439368699b0b98cec) Importer(815301076,1909f56bfc062723c751e8b465ee728b)  -> (artifact id: '7fd8d48cb315602185f2dfca148cd9ce') in 0.006020 seconds 
========================================================================
Received Import Request.
  Time since last request: 0.778099 seconds.
  path: Assets/Level2Maybe/Tiles/_LargeToSmallTransition.prefab
  artifactKey: Guid(611fcb0988ea668439368699b0b98cec) Importer(815301076,1909f56bfc062723c751e8b465ee728b)
Start importing Assets/Level2Maybe/Tiles/_LargeToSmallTransition.prefab using Guid(611fcb0988ea668439368699b0b98cec) Importer(815301076,1909f56bfc062723c751e8b465ee728b)  -> (artifact id: '123d404f4b68c71d43bcdc52e036c3c3') in 0.005796 seconds 
========================================================================
Received Import Request.
  Time since last request: 9.478384 seconds.
  path: Assets/Level2Maybe/Tiles/_LargeToSmallTransition.prefab
  artifactKey: Guid(611fcb0988ea668439368699b0b98cec) Importer(815301076,1909f56bfc062723c751e8b465ee728b)
Start importing Assets/Level2Maybe/Tiles/_LargeToSmallTransition.prefab using Guid(611fcb0988ea668439368699b0b98cec) Importer(815301076,1909f56bfc062723c751e8b465ee728b)  -> (artifact id: '7cf313e1e6220a5bbf0099dd7e0fb7f6') in 0.005852 seconds 
========================================================================
Received Import Request.
  Time since last request: 2.805894 seconds.
  path: Assets/Level2Maybe/Tiles/_LargeToSmallTransition.prefab
  artifactKey: Guid(611fcb0988ea668439368699b0b98cec) Importer(815301076,1909f56bfc062723c751e8b465ee728b)
Start importing Assets/Level2Maybe/Tiles/_LargeToSmallTransition.prefab using Guid(611fcb0988ea668439368699b0b98cec) Importer(815301076,1909f56bfc062723c751e8b465ee728b)  -> (artifact id: 'b1b95ee8947e1e342e6e21dd27a4744a') in 0.006326 seconds 
========================================================================
Received Import Request.
  Time since last request: 5.851586 seconds.
  path: Assets/Level2Maybe/Tiles/_LargeToSmallTransition.prefab
  artifactKey: Guid(611fcb0988ea668439368699b0b98cec) Importer(815301076,1909f56bfc062723c751e8b465ee728b)
Start importing Assets/Level2Maybe/Tiles/_LargeToSmallTransition.prefab using Guid(611fcb0988ea668439368699b0b98cec) Importer(815301076,1909f56bfc062723c751e8b465ee728b)  -> (artifact id: '53e1b990a8a6a0aace791da6f0b75d78') in 0.006392 seconds 
========================================================================
Received Import Request.
  Time since last request: 0.997715 seconds.
  path: Assets/Level2Maybe/Tiles/_LargeToSmallTransition.prefab
  artifactKey: Guid(611fcb0988ea668439368699b0b98cec) Importer(815301076,1909f56bfc062723c751e8b465ee728b)
Start importing Assets/Level2Maybe/Tiles/_LargeToSmallTransition.prefab using Guid(611fcb0988ea668439368699b0b98cec) Importer(815301076,1909f56bfc062723c751e8b465ee728b)  -> (artifact id: 'adaf7f9b01ed45fdba5c4b7a4a73bdd8') in 0.006110 seconds 
========================================================================
Received Import Request.
  Time since last request: 3.613437 seconds.
  path: Assets/Level2Maybe/Tiles/_LargeToSmallTransition.prefab
  artifactKey: Guid(611fcb0988ea668439368699b0b98cec) Importer(815301076,1909f56bfc062723c751e8b465ee728b)
Start importing Assets/Level2Maybe/Tiles/_LargeToSmallTransition.prefab using Guid(611fcb0988ea668439368699b0b98cec) Importer(815301076,1909f56bfc062723c751e8b465ee728b)  -> (artifact id: '2ea2ea7de8437de4b607f0050d0ff5c8') in 0.005873 seconds 
========================================================================
Received Import Request.
  Time since last request: 3.217622 seconds.
  path: Assets/Level2Maybe/Tiles/_LargeToSmallTransition.prefab
  artifactKey: Guid(611fcb0988ea668439368699b0b98cec) Importer(815301076,1909f56bfc062723c751e8b465ee728b)
Start importing Assets/Level2Maybe/Tiles/_LargeToSmallTransition.prefab using Guid(611fcb0988ea668439368699b0b98cec) Importer(815301076,1909f56bfc062723c751e8b465ee728b)  -> (artifact id: 'bc5b3a13d54108fcf649030eaac5dd74') in 0.006176 seconds 
========================================================================
Received Import Request.
  Time since last request: 2.606196 seconds.
  path: Assets/Level2Maybe/Tiles/_LargeToSmallTransition.prefab
  artifactKey: Guid(611fcb0988ea668439368699b0b98cec) Importer(815301076,1909f56bfc062723c751e8b465ee728b)
Start importing Assets/Level2Maybe/Tiles/_LargeToSmallTransition.prefab using Guid(611fcb0988ea668439368699b0b98cec) Importer(815301076,1909f56bfc062723c751e8b465ee728b)  -> (artifact id: '6e0cbfaceabe3ee200f6070166c6d040') in 0.006115 seconds 
========================================================================
Received Import Request.
  Time since last request: 4.425684 seconds.
  path: Assets/Level2Maybe/Tiles/_LargeToSmallTransition.prefab
  artifactKey: Guid(611fcb0988ea668439368699b0b98cec) Importer(815301076,1909f56bfc062723c751e8b465ee728b)
Start importing Assets/Level2Maybe/Tiles/_LargeToSmallTransition.prefab using Guid(611fcb0988ea668439368699b0b98cec) Importer(815301076,1909f56bfc062723c751e8b465ee728b)  -> (artifact id: '5fc7a1784677ebf3cd37583167408e63') in 0.005929 seconds 
========================================================================
Received Import Request.
  Time since last request: 0.791961 seconds.
  path: Assets/Level2Maybe/Tiles/_LargeToSmallTransition.prefab
  artifactKey: Guid(611fcb0988ea668439368699b0b98cec) Importer(815301076,1909f56bfc062723c751e8b465ee728b)
Start importing Assets/Level2Maybe/Tiles/_LargeToSmallTransition.prefab using Guid(611fcb0988ea668439368699b0b98cec) Importer(815301076,1909f56bfc062723c751e8b465ee728b)  -> (artifact id: 'b90d6da2b2339f0cba21627b099accf3') in 0.005807 seconds 
========================================================================
Received Import Request.
  Time since last request: 3.214578 seconds.
  path: Assets/Level2Maybe/Tiles/_LargeToSmallTransition.prefab
  artifactKey: Guid(611fcb0988ea668439368699b0b98cec) Importer(815301076,1909f56bfc062723c751e8b465ee728b)
Start importing Assets/Level2Maybe/Tiles/_LargeToSmallTransition.prefab using Guid(611fcb0988ea668439368699b0b98cec) Importer(815301076,1909f56bfc062723c751e8b465ee728b)  -> (artifact id: '03afd629911df958aaa66b8759be5f4d') in 0.006847 seconds 
