Using pre-set license
Built from '2021.2/staging' branch; Version is '2021.2.7f1 (6bd9e232123f) revision 7068130'; Using compiler version '192829333'; Build Type 'Release'
OS: 'Windows 10  (10.0.19044) 64bit Core' Language: 'en' Physical Memory: 16237 MB
BatchMode: 1, IsHumanControllingUs: 0, StartBugReporterOnCrash: 0, Is64bit: 1, IsPro: 0

COMMAND LINE ARGUMENTS:
C:\Program Files\Unity\Hub\Editor\2021.2.7f1\Editor\Unity.exe
-adb2
-batchMode
-noUpm
-name
AssetImportWorker4
-projectPath
C:/Users/chris/OneDrive/Documents/GitHub/GameProgramming121/M.E.S.S.S
-logFile
Logs/AssetImportWorker4.log
-srvPort
61458
Successfully changed project path to: C:/Users/chris/OneDrive/Documents/GitHub/GameProgramming121/M.E.S.S.S
C:/Users/chris/OneDrive/Documents/GitHub/GameProgramming121/M.E.S.S.S
[UnityMemory] Configuration Parameters - Can be set up in boot.config
    "memorysetup-bucket-allocator-granularity=16"
    "memorysetup-bucket-allocator-bucket-count=8"
    "memorysetup-bucket-allocator-block-size=33554432"
    "memorysetup-bucket-allocator-block-count=8"
    "memorysetup-main-allocator-block-size=16777216"
    "memorysetup-thread-allocator-block-size=16777216"
    "memorysetup-gfx-main-allocator-block-size=16777216"
    "memorysetup-gfx-thread-allocator-block-size=16777216"
    "memorysetup-cache-allocator-block-size=4194304"
    "memorysetup-typetree-allocator-block-size=2097152"
    "memorysetup-profiler-bucket-allocator-granularity=16"
    "memorysetup-profiler-bucket-allocator-bucket-count=8"
    "memorysetup-profiler-bucket-allocator-block-size=33554432"
    "memorysetup-profiler-bucket-allocator-block-count=8"
    "memorysetup-profiler-allocator-block-size=16777216"
    "memorysetup-profiler-editor-allocator-block-size=1048576"
    "memorysetup-temp-allocator-size-main=16777216"
    "memorysetup-job-temp-allocator-block-size=2097152"
    "memorysetup-job-temp-allocator-block-size-background=1048576"
    "memorysetup-job-temp-allocator-reduction-small-platforms=262144"
    "memorysetup-temp-allocator-size-background-worker=32768"
    "memorysetup-temp-allocator-size-job-worker=262144"
    "memorysetup-temp-allocator-size-preload-manager=33554432"
    "memorysetup-temp-allocator-size-nav-mesh-worker=65536"
    "memorysetup-temp-allocator-size-audio-worker=65536"
    "memorysetup-temp-allocator-size-cloud-worker=32768"
    "memorysetup-temp-allocator-size-gi-baking-worker=262144"
    "memorysetup-temp-allocator-size-gfx=262144"
Refreshing native plugins compatible for Editor in 88.79 ms, found 3 plugins.
Preloading 0 native plugins for Editor in 0.00 ms.
Initialize engine version: 2021.2.7f1 (6bd9e232123f)
[Subsystems] Discovering subsystems at path C:/Program Files/Unity/Hub/Editor/2021.2.7f1/Editor/Data/Resources/UnitySubsystems
[Subsystems] Discovering subsystems at path C:/Users/chris/OneDrive/Documents/GitHub/GameProgramming121/M.E.S.S.S/Assets
GfxDevice: creating device client; threaded=0; jobified=0
Direct3D:
    Version:  Direct3D 11.0 [level 11.1]
    Renderer: NVIDIA GeForce GTX 1660 SUPER (ID=0x21c4)
    Vendor:   NVIDIA
    VRAM:     5991 MB
    Driver:   27.21.14.5751
Initialize mono
Mono path[0] = 'C:/Program Files/Unity/Hub/Editor/2021.2.7f1/Editor/Data/Managed'
Mono path[1] = 'C:/Program Files/Unity/Hub/Editor/2021.2.7f1/Editor/Data/MonoBleedingEdge/lib/mono/unityjit-win32'
Mono config path = 'C:/Program Files/Unity/Hub/Editor/2021.2.7f1/Editor/Data/MonoBleedingEdge/etc'
Using monoOptions --debugger-agent=transport=dt_socket,embedding=1,server=y,suspend=n,address=127.0.0.1:56920
Begin MonoManager ReloadAssembly
Registering precompiled unity dll's ...
Register platform support module: C:/Program Files/Unity/Hub/Editor/2021.2.7f1/Editor/Data/PlaybackEngines/WindowsStandaloneSupport/UnityEditor.WindowsStandalone.Extensions.dll
Registered in 0.006540 seconds.
Native extension for WindowsStandalone target not found
Refreshing native plugins compatible for Editor in 86.33 ms, found 3 plugins.
Preloading 0 native plugins for Editor in 0.00 ms.
Mono: successfully reloaded assembly
- Completed reload, in  0.610 seconds
Domain Reload Profiling:
	ReloadAssembly (610ms)
		BeginReloadAssembly (68ms)
			ExecutionOrderSort (0ms)
			DisableScriptedObjects (0ms)
			BackupInstance (0ms)
			ReleaseScriptingObjects (0ms)
			CreateAndSetChildDomain (1ms)
		EndReloadAssembly (462ms)
			LoadAssemblies (66ms)
			RebuildTransferFunctionScriptingTraits (0ms)
			SetupTypeCache (103ms)
			ReleaseScriptCaches (0ms)
			RebuildScriptCaches (25ms)
			SetupLoadedEditorAssemblies (284ms)
				LogAssemblyErrors (0ms)
				InitializePlatformSupportModulesInManaged (15ms)
				SetLoadedEditorAssemblies (0ms)
				RefreshPlugins (86ms)
				BeforeProcessingInitializeOnLoad (1ms)
				ProcessInitializeOnLoadAttributes (141ms)
				ProcessInitializeOnLoadMethodAttributes (41ms)
				AfterProcessingInitializeOnLoad (0ms)
				EditorAssembliesLoaded (0ms)
			ExecutionOrderSort2 (0ms)
			AwakeInstancesAfterBackupRestoration (0ms)
Platform modules already initialized, skipping
Registering precompiled user dll's ...
Registered in 0.005352 seconds.
Begin MonoManager ReloadAssembly
Native extension for WindowsStandalone target not found
Refreshing native plugins compatible for Editor in 0.60 ms, found 3 plugins.
Preloading 0 native plugins for Editor in 0.00 ms.
Mono: successfully reloaded assembly
- Completed reload, in  0.910 seconds
Domain Reload Profiling:
	ReloadAssembly (910ms)
		BeginReloadAssembly (118ms)
			ExecutionOrderSort (0ms)
			DisableScriptedObjects (7ms)
			BackupInstance (0ms)
			ReleaseScriptingObjects (0ms)
			CreateAndSetChildDomain (21ms)
		EndReloadAssembly (687ms)
			LoadAssemblies (75ms)
			RebuildTransferFunctionScriptingTraits (0ms)
			SetupTypeCache (216ms)
			ReleaseScriptCaches (0ms)
			RebuildScriptCaches (56ms)
			SetupLoadedEditorAssemblies (312ms)
				LogAssemblyErrors (0ms)
				InitializePlatformSupportModulesInManaged (10ms)
				SetLoadedEditorAssemblies (0ms)
				RefreshPlugins (1ms)
				BeforeProcessingInitializeOnLoad (67ms)
				ProcessInitializeOnLoadAttributes (210ms)
				ProcessInitializeOnLoadMethodAttributes (18ms)
				AfterProcessingInitializeOnLoad (6ms)
				EditorAssembliesLoaded (0ms)
			ExecutionOrderSort2 (0ms)
			AwakeInstancesAfterBackupRestoration (4ms)
Platform modules already initialized, skipping
========================================================================
Worker process is ready to serve import requests
Launched and connected shader compiler UnityShaderCompiler.exe after 0.04 seconds
Refreshing native plugins compatible for Editor in 0.55 ms, found 3 plugins.
Preloading 0 native plugins for Editor in 0.00 ms.
Unloading 3502 Unused Serialized files (Serialized files now loaded: 0)
Unloading 24 unused Assets / (110.4 KB). Loaded Objects now: 3963.
Memory consumption went from 130.4 MB to 130.3 MB.
Total: 2.340100 ms (FindLiveObjects: 0.205600 ms CreateObjectMapping: 0.096100 ms MarkObjects: 1.953000 ms  DeleteObjects: 0.084400 ms)

AssetImportParameters requested are different than current active one (requested -> active):
  custom:video-decoder-ogg-theora: a1e56fd34408186e4bbccfd4996cb3dc -> 
  custom:container-muxer-webm: aa71ff27fc2769a1b78a27578f13a17b -> 
  custom:container-demuxer-webm: 4f35f7cbe854078d1ac9338744f61a02 -> 
  custom:video-encoder-webm-vp8: eb34c28f22e8b96e1ab97ce403110664 -> 
  custom:audio-encoder-webm-vorbis: bf7c407c2cedff20999df2af8eb42d56 -> 
  custom:framework-win-MediaFoundation: 216162199b28c13a410421893ffa2e32 -> 
  custom:container-demuxer-ogg: 62fdf1f143b41e24485cea50d1cbac27 -> 
  custom:video-decoder-webm-vp8: 9c59270c3fd7afecdb556c50c9e8de78 -> 
  custom:audio-decoder-ogg-vorbis: bf7c407c2cedff20999df2af8eb42d56 -> 
========================================================================
Received Prepare
Registering precompiled user dll's ...
Registered in 0.005050 seconds.
Begin MonoManager ReloadAssembly
Native extension for WindowsStandalone target not found
Refreshing native plugins compatible for Editor in 0.73 ms, found 3 plugins.
Preloading 0 native plugins for Editor in 0.00 ms.
Mono: successfully reloaded assembly
- Completed reload, in  0.883 seconds
Domain Reload Profiling:
	ReloadAssembly (883ms)
		BeginReloadAssembly (121ms)
			ExecutionOrderSort (0ms)
			DisableScriptedObjects (4ms)
			BackupInstance (0ms)
			ReleaseScriptingObjects (0ms)
			CreateAndSetChildDomain (26ms)
		EndReloadAssembly (684ms)
			LoadAssemblies (63ms)
			RebuildTransferFunctionScriptingTraits (0ms)
			SetupTypeCache (196ms)
			ReleaseScriptCaches (1ms)
			RebuildScriptCaches (44ms)
			SetupLoadedEditorAssemblies (334ms)
				LogAssemblyErrors (0ms)
				InitializePlatformSupportModulesInManaged (14ms)
				SetLoadedEditorAssemblies (0ms)
				RefreshPlugins (1ms)
				BeforeProcessingInitializeOnLoad (69ms)
				ProcessInitializeOnLoadAttributes (219ms)
				ProcessInitializeOnLoadMethodAttributes (22ms)
				AfterProcessingInitializeOnLoad (8ms)
				EditorAssembliesLoaded (0ms)
			ExecutionOrderSort2 (0ms)
			AwakeInstancesAfterBackupRestoration (6ms)
Platform modules already initialized, skipping
Refreshing native plugins compatible for Editor in 0.74 ms, found 3 plugins.
Preloading 0 native plugins for Editor in 0.00 ms.
Unloading 3471 Unused Serialized files (Serialized files now loaded: 0)
Unloading 19 unused Assets / (69.7 KB). Loaded Objects now: 3965.
Memory consumption went from 127.7 MB to 127.7 MB.
Total: 2.904000 ms (FindLiveObjects: 0.280500 ms CreateObjectMapping: 0.123600 ms MarkObjects: 2.417200 ms  DeleteObjects: 0.081100 ms)

AssetImportParameters requested are different than current active one (requested -> active):
  custom:video-decoder-ogg-theora: a1e56fd34408186e4bbccfd4996cb3dc -> 
  custom:container-muxer-webm: aa71ff27fc2769a1b78a27578f13a17b -> 
  custom:container-demuxer-webm: 4f35f7cbe854078d1ac9338744f61a02 -> 
  custom:video-encoder-webm-vp8: eb34c28f22e8b96e1ab97ce403110664 -> 
  custom:audio-encoder-webm-vorbis: bf7c407c2cedff20999df2af8eb42d56 -> 
  custom:framework-win-MediaFoundation: 216162199b28c13a410421893ffa2e32 -> 
  custom:container-demuxer-ogg: 62fdf1f143b41e24485cea50d1cbac27 -> 
  custom:video-decoder-webm-vp8: 9c59270c3fd7afecdb556c50c9e8de78 -> 
  custom:audio-decoder-ogg-vorbis: bf7c407c2cedff20999df2af8eb42d56 -> 
========================================================================
Received Prepare
Registering precompiled user dll's ...
Registered in 0.006047 seconds.
Begin MonoManager ReloadAssembly
Native extension for WindowsStandalone target not found
Refreshing native plugins compatible for Editor in 0.94 ms, found 3 plugins.
Preloading 0 native plugins for Editor in 0.00 ms.
Mono: successfully reloaded assembly
- Completed reload, in  0.826 seconds
Domain Reload Profiling:
	ReloadAssembly (827ms)
		BeginReloadAssembly (113ms)
			ExecutionOrderSort (0ms)
			DisableScriptedObjects (4ms)
			BackupInstance (0ms)
			ReleaseScriptingObjects (0ms)
			CreateAndSetChildDomain (25ms)
		EndReloadAssembly (628ms)
			LoadAssemblies (63ms)
			RebuildTransferFunctionScriptingTraits (0ms)
			SetupTypeCache (171ms)
			ReleaseScriptCaches (1ms)
			RebuildScriptCaches (37ms)
			SetupLoadedEditorAssemblies (314ms)
				LogAssemblyErrors (0ms)
				InitializePlatformSupportModulesInManaged (12ms)
				SetLoadedEditorAssemblies (1ms)
				RefreshPlugins (1ms)
				BeforeProcessingInitializeOnLoad (60ms)
				ProcessInitializeOnLoadAttributes (211ms)
				ProcessInitializeOnLoadMethodAttributes (22ms)
				AfterProcessingInitializeOnLoad (8ms)
				EditorAssembliesLoaded (0ms)
			ExecutionOrderSort2 (0ms)
			AwakeInstancesAfterBackupRestoration (6ms)
Platform modules already initialized, skipping
Refreshing native plugins compatible for Editor in 0.77 ms, found 3 plugins.
Preloading 0 native plugins for Editor in 0.00 ms.
Unloading 3471 Unused Serialized files (Serialized files now loaded: 0)
Unloading 19 unused Assets / (69.8 KB). Loaded Objects now: 3967.
Memory consumption went from 127.8 MB to 127.7 MB.
Total: 3.112300 ms (FindLiveObjects: 0.254100 ms CreateObjectMapping: 0.150800 ms MarkObjects: 2.618000 ms  DeleteObjects: 0.088100 ms)

AssetImportParameters requested are different than current active one (requested -> active):
  custom:video-decoder-ogg-theora: a1e56fd34408186e4bbccfd4996cb3dc -> 
  custom:container-muxer-webm: aa71ff27fc2769a1b78a27578f13a17b -> 
  custom:container-demuxer-webm: 4f35f7cbe854078d1ac9338744f61a02 -> 
  custom:video-encoder-webm-vp8: eb34c28f22e8b96e1ab97ce403110664 -> 
  custom:audio-encoder-webm-vorbis: bf7c407c2cedff20999df2af8eb42d56 -> 
  custom:framework-win-MediaFoundation: 216162199b28c13a410421893ffa2e32 -> 
  custom:container-demuxer-ogg: 62fdf1f143b41e24485cea50d1cbac27 -> 
  custom:video-decoder-webm-vp8: 9c59270c3fd7afecdb556c50c9e8de78 -> 
  custom:audio-decoder-ogg-vorbis: bf7c407c2cedff20999df2af8eb42d56 -> 
========================================================================
Received Import Request.
  Time since last request: 219350.782660 seconds.
  path: Assets/Tiles/_LargeToSmallTransition.prefab
  artifactKey: Guid(611fcb0988ea668439368699b0b98cec) Importer(815301076,1909f56bfc062723c751e8b465ee728b)
Start importing Assets/Tiles/_LargeToSmallTransition.prefab using Guid(611fcb0988ea668439368699b0b98cec) Importer(815301076,1909f56bfc062723c751e8b465ee728b)  -> (artifact id: '4dc9a85454ca55505813cdd6677d0b30') in 0.063744 seconds 
========================================================================
Received Import Request.
  Time since last request: 0.691735 seconds.
  path: Assets/Tiles/_LargeToSmallTransition.prefab
  artifactKey: Guid(611fcb0988ea668439368699b0b98cec) Importer(815301076,1909f56bfc062723c751e8b465ee728b)
Start importing Assets/Tiles/_LargeToSmallTransition.prefab using Guid(611fcb0988ea668439368699b0b98cec) Importer(815301076,1909f56bfc062723c751e8b465ee728b)  -> (artifact id: '3a769b32259b8dd479246dade0cdd157') in 0.006795 seconds 
========================================================================
Received Import Request.
  Time since last request: 4.618456 seconds.
  path: Assets/Tiles/_LargeToSmallTransition.prefab
  artifactKey: Guid(611fcb0988ea668439368699b0b98cec) Importer(815301076,1909f56bfc062723c751e8b465ee728b)
Start importing Assets/Tiles/_LargeToSmallTransition.prefab using Guid(611fcb0988ea668439368699b0b98cec) Importer(815301076,1909f56bfc062723c751e8b465ee728b)  -> (artifact id: 'f005aec812b98c46e42982d7a2f8a91a') in 0.006434 seconds 
========================================================================
Received Import Request.
  Time since last request: 6.032281 seconds.
  path: Assets/Tiles/_LargeToSmallTransition.prefab
  artifactKey: Guid(611fcb0988ea668439368699b0b98cec) Importer(815301076,1909f56bfc062723c751e8b465ee728b)
Start importing Assets/Tiles/_LargeToSmallTransition.prefab using Guid(611fcb0988ea668439368699b0b98cec) Importer(815301076,1909f56bfc062723c751e8b465ee728b)  -> (artifact id: 'd1567929c7e43c622896c9a476490522') in 0.006410 seconds 
========================================================================
Received Import Request.
  Time since last request: 6.026969 seconds.
  path: Assets/Tiles/_LargeToSmallTransition.prefab
  artifactKey: Guid(611fcb0988ea668439368699b0b98cec) Importer(815301076,1909f56bfc062723c751e8b465ee728b)
Start importing Assets/Tiles/_LargeToSmallTransition.prefab using Guid(611fcb0988ea668439368699b0b98cec) Importer(815301076,1909f56bfc062723c751e8b465ee728b)  -> (artifact id: 'd6d4ac59d17634d6b0afa4dd95433c81') in 0.008283 seconds 
========================================================================
Received Import Request.
  Time since last request: 2.198297 seconds.
  path: Assets/Tiles/_LargeToSmallTransition.prefab
  artifactKey: Guid(611fcb0988ea668439368699b0b98cec) Importer(815301076,1909f56bfc062723c751e8b465ee728b)
Start importing Assets/Tiles/_LargeToSmallTransition.prefab using Guid(611fcb0988ea668439368699b0b98cec) Importer(815301076,1909f56bfc062723c751e8b465ee728b)  -> (artifact id: 'a8c259646eef7a9b78bdc48827af4381') in 0.006028 seconds 
========================================================================
Received Import Request.
  Time since last request: 1.398523 seconds.
  path: Assets/Tiles/_LargeToSmallTransition.prefab
  artifactKey: Guid(611fcb0988ea668439368699b0b98cec) Importer(815301076,1909f56bfc062723c751e8b465ee728b)
Start importing Assets/Tiles/_LargeToSmallTransition.prefab using Guid(611fcb0988ea668439368699b0b98cec) Importer(815301076,1909f56bfc062723c751e8b465ee728b)  -> (artifact id: 'b25341f35695237d9e4cbdda9630de8d') in 0.006580 seconds 
========================================================================
Received Import Request.
  Time since last request: 0.794400 seconds.
  path: Assets/Tiles/_LargeToSmallTransition.prefab
  artifactKey: Guid(611fcb0988ea668439368699b0b98cec) Importer(815301076,1909f56bfc062723c751e8b465ee728b)
Start importing Assets/Tiles/_LargeToSmallTransition.prefab using Guid(611fcb0988ea668439368699b0b98cec) Importer(815301076,1909f56bfc062723c751e8b465ee728b)  -> (artifact id: '641b10fcb1d116c92edc86fa393a6993') in 0.004085 seconds 
========================================================================
Received Import Request.
  Time since last request: 3.427314 seconds.
  path: Assets/Tiles/_LargeToSmallTransition.prefab
  artifactKey: Guid(611fcb0988ea668439368699b0b98cec) Importer(815301076,1909f56bfc062723c751e8b465ee728b)
Start importing Assets/Tiles/_LargeToSmallTransition.prefab using Guid(611fcb0988ea668439368699b0b98cec) Importer(815301076,1909f56bfc062723c751e8b465ee728b)  -> (artifact id: '20c54437d8749c4edda11816bbf77e30') in 0.006492 seconds 
========================================================================
Received Import Request.
  Time since last request: 11.661414 seconds.
  path: Assets/Tiles/_LargeToSmallTransition.prefab
  artifactKey: Guid(611fcb0988ea668439368699b0b98cec) Importer(815301076,1909f56bfc062723c751e8b465ee728b)
Start importing Assets/Tiles/_LargeToSmallTransition.prefab using Guid(611fcb0988ea668439368699b0b98cec) Importer(815301076,1909f56bfc062723c751e8b465ee728b)  -> (artifact id: '5bfef4d697d487460e5cd20991c0ffe9') in 0.006707 seconds 
========================================================================
Received Import Request.
  Time since last request: 5.435904 seconds.
  path: Assets/Tiles/_LargeToSmallTransition.prefab
  artifactKey: Guid(611fcb0988ea668439368699b0b98cec) Importer(815301076,1909f56bfc062723c751e8b465ee728b)
Start importing Assets/Tiles/_LargeToSmallTransition.prefab using Guid(611fcb0988ea668439368699b0b98cec) Importer(815301076,1909f56bfc062723c751e8b465ee728b)  -> (artifact id: 'd6651a3538dc1d603cb897dbd7de5e83') in 0.004430 seconds 
========================================================================
Received Import Request.
  Time since last request: 8.042635 seconds.
  path: Assets/Tiles/_LargeToSmallTransition.prefab
  artifactKey: Guid(611fcb0988ea668439368699b0b98cec) Importer(815301076,1909f56bfc062723c751e8b465ee728b)
Start importing Assets/Tiles/_LargeToSmallTransition.prefab using Guid(611fcb0988ea668439368699b0b98cec) Importer(815301076,1909f56bfc062723c751e8b465ee728b)  -> (artifact id: '8d7a2913bb92ef3f239808a75afc7676') in 0.004385 seconds 
========================================================================
Received Import Request.
  Time since last request: 11.441559 seconds.
  path: Assets/Tiles/_LargeToSmallTransition.prefab
  artifactKey: Guid(611fcb0988ea668439368699b0b98cec) Importer(815301076,1909f56bfc062723c751e8b465ee728b)
Start importing Assets/Tiles/_LargeToSmallTransition.prefab using Guid(611fcb0988ea668439368699b0b98cec) Importer(815301076,1909f56bfc062723c751e8b465ee728b)  -> (artifact id: '5e79f3e975d999a009b1355189a695b7') in 0.004232 seconds 
========================================================================
Received Import Request.
  Time since last request: 2.805556 seconds.
  path: Assets/Tiles/_LargeToSmallTransition.prefab
  artifactKey: Guid(611fcb0988ea668439368699b0b98cec) Importer(815301076,1909f56bfc062723c751e8b465ee728b)
Start importing Assets/Tiles/_LargeToSmallTransition.prefab using Guid(611fcb0988ea668439368699b0b98cec) Importer(815301076,1909f56bfc062723c751e8b465ee728b)  -> (artifact id: 'd8eb0fea72848cef364cc74940f2d7a0') in 0.004481 seconds 
========================================================================
Received Import Request.
  Time since last request: 0.994589 seconds.
  path: Assets/Tiles/_LargeToSmallTransition.prefab
  artifactKey: Guid(611fcb0988ea668439368699b0b98cec) Importer(815301076,1909f56bfc062723c751e8b465ee728b)
Start importing Assets/Tiles/_LargeToSmallTransition.prefab using Guid(611fcb0988ea668439368699b0b98cec) Importer(815301076,1909f56bfc062723c751e8b465ee728b)  -> (artifact id: '7415006d981ac7c7319e1bd1ecbf3666') in 0.004087 seconds 
========================================================================
Received Import Request.
  Time since last request: 3.210956 seconds.
  path: Assets/Tiles/_LargeToSmallTransition.prefab
  artifactKey: Guid(611fcb0988ea668439368699b0b98cec) Importer(815301076,1909f56bfc062723c751e8b465ee728b)
Start importing Assets/Tiles/_LargeToSmallTransition.prefab using Guid(611fcb0988ea668439368699b0b98cec) Importer(815301076,1909f56bfc062723c751e8b465ee728b)  -> (artifact id: 'ef494375d2d4709d6cf23d47f8b3f333') in 0.004347 seconds 
========================================================================
Received Import Request.
  Time since last request: 6.045744 seconds.
  path: Assets/Tiles/_LargeToSmallTransition.prefab
  artifactKey: Guid(611fcb0988ea668439368699b0b98cec) Importer(815301076,1909f56bfc062723c751e8b465ee728b)
Start importing Assets/Tiles/_LargeToSmallTransition.prefab using Guid(611fcb0988ea668439368699b0b98cec) Importer(815301076,1909f56bfc062723c751e8b465ee728b)  -> (artifact id: '6c56aa7ea340655d0428510c28c9c479') in 0.004445 seconds 
========================================================================
Received Import Request.
  Time since last request: 1.190083 seconds.
  path: Assets/Tiles/_LargeToSmallTransition.prefab
  artifactKey: Guid(611fcb0988ea668439368699b0b98cec) Importer(815301076,1909f56bfc062723c751e8b465ee728b)
Start importing Assets/Tiles/_LargeToSmallTransition.prefab using Guid(611fcb0988ea668439368699b0b98cec) Importer(815301076,1909f56bfc062723c751e8b465ee728b)  -> (artifact id: '3d1c10b80671c5e97fbf1d3d1af8bb07') in 0.004224 seconds 
========================================================================
Received Import Request.
  Time since last request: 4.633223 seconds.
  path: Assets/Tiles/_LargeToSmallTransition.prefab
  artifactKey: Guid(611fcb0988ea668439368699b0b98cec) Importer(815301076,1909f56bfc062723c751e8b465ee728b)
Start importing Assets/Tiles/_LargeToSmallTransition.prefab using Guid(611fcb0988ea668439368699b0b98cec) Importer(815301076,1909f56bfc062723c751e8b465ee728b)  -> (artifact id: '9fb09da543be13561093231f42b4d82a') in 0.004434 seconds 
========================================================================
Received Import Request.
  Time since last request: 4.630955 seconds.
  path: Assets/Tiles/_LargeToSmallTransition.prefab
  artifactKey: Guid(611fcb0988ea668439368699b0b98cec) Importer(815301076,1909f56bfc062723c751e8b465ee728b)
Start importing Assets/Tiles/_LargeToSmallTransition.prefab using Guid(611fcb0988ea668439368699b0b98cec) Importer(815301076,1909f56bfc062723c751e8b465ee728b)  -> (artifact id: '205b3ee093a31b99c3a76cc60cd2a947') in 0.005854 seconds 
========================================================================
Received Import Request.
  Time since last request: 2.607601 seconds.
  path: Assets/Tiles/_LargeToSmallTransition.prefab
  artifactKey: Guid(611fcb0988ea668439368699b0b98cec) Importer(815301076,1909f56bfc062723c751e8b465ee728b)
Start importing Assets/Tiles/_LargeToSmallTransition.prefab using Guid(611fcb0988ea668439368699b0b98cec) Importer(815301076,1909f56bfc062723c751e8b465ee728b)  -> (artifact id: '7564c69713b9455287759060727b31ac') in 0.003994 seconds 
========================================================================
Received Import Request.
  Time since last request: 90.512031 seconds.
  path: Assets/Tiles/_LargeToSmallTransition.prefab
  artifactKey: Guid(611fcb0988ea668439368699b0b98cec) Importer(815301076,1909f56bfc062723c751e8b465ee728b)
Start importing Assets/Tiles/_LargeToSmallTransition.prefab using Guid(611fcb0988ea668439368699b0b98cec) Importer(815301076,1909f56bfc062723c751e8b465ee728b)  -> (artifact id: 'bb3c229843f6d706f804d4fae02bea85') in 0.005540 seconds 
========================================================================
Received Import Request.
  Time since last request: 1.783610 seconds.
  path: Assets/Tiles/_LargeToSmallTransition.prefab
  artifactKey: Guid(611fcb0988ea668439368699b0b98cec) Importer(815301076,1909f56bfc062723c751e8b465ee728b)
Start importing Assets/Tiles/_LargeToSmallTransition.prefab using Guid(611fcb0988ea668439368699b0b98cec) Importer(815301076,1909f56bfc062723c751e8b465ee728b)  -> (artifact id: 'c03d6abd2f8709312b6b15af851a1082') in 0.005772 seconds 
========================================================================
Received Import Request.
  Time since last request: 3.008631 seconds.
  path: Assets/Tiles/_LargeToSmallTransition.prefab
  artifactKey: Guid(611fcb0988ea668439368699b0b98cec) Importer(815301076,1909f56bfc062723c751e8b465ee728b)
Start importing Assets/Tiles/_LargeToSmallTransition.prefab using Guid(611fcb0988ea668439368699b0b98cec) Importer(815301076,1909f56bfc062723c751e8b465ee728b)  -> (artifact id: '2392879abd90ff92d21a489c460342af') in 0.004270 seconds 
========================================================================
Received Import Request.
  Time since last request: 4.820915 seconds.
  path: Assets/Tiles/_LargeToSmallTransition.prefab
  artifactKey: Guid(611fcb0988ea668439368699b0b98cec) Importer(815301076,1909f56bfc062723c751e8b465ee728b)
Start importing Assets/Tiles/_LargeToSmallTransition.prefab using Guid(611fcb0988ea668439368699b0b98cec) Importer(815301076,1909f56bfc062723c751e8b465ee728b)  -> (artifact id: '834f78b79a2b07d0c278d958ab7f79b6') in 0.003950 seconds 
========================================================================
Received Import Request.
  Time since last request: 3.422534 seconds.
  path: Assets/Tiles/_LargeToSmallTransition.prefab
  artifactKey: Guid(611fcb0988ea668439368699b0b98cec) Importer(815301076,1909f56bfc062723c751e8b465ee728b)
Start importing Assets/Tiles/_LargeToSmallTransition.prefab using Guid(611fcb0988ea668439368699b0b98cec) Importer(815301076,1909f56bfc062723c751e8b465ee728b)  -> (artifact id: '847036dd436da549a5f160ff3027deff') in 0.004320 seconds 
========================================================================
Received Import Request.
  Time since last request: 1.797581 seconds.
  path: Assets/Tiles/_LargeToSmallTransition.prefab
  artifactKey: Guid(611fcb0988ea668439368699b0b98cec) Importer(815301076,1909f56bfc062723c751e8b465ee728b)
Start importing Assets/Tiles/_LargeToSmallTransition.prefab using Guid(611fcb0988ea668439368699b0b98cec) Importer(815301076,1909f56bfc062723c751e8b465ee728b)  -> (artifact id: '35106130bdea6aa7645805e1a63e99b7') in 0.004569 seconds 
========================================================================
Received Import Request.
  Time since last request: 4.021229 seconds.
  path: Assets/Tiles/_LargeToSmallTransition.prefab
  artifactKey: Guid(611fcb0988ea668439368699b0b98cec) Importer(815301076,1909f56bfc062723c751e8b465ee728b)
Start importing Assets/Tiles/_LargeToSmallTransition.prefab using Guid(611fcb0988ea668439368699b0b98cec) Importer(815301076,1909f56bfc062723c751e8b465ee728b)  -> (artifact id: '566272008e9810878977fb8138f95293') in 0.004524 seconds 
========================================================================
Received Import Request.
  Time since last request: 1.202562 seconds.
  path: Assets/Tiles/_LargeToSmallTransition.prefab
  artifactKey: Guid(611fcb0988ea668439368699b0b98cec) Importer(815301076,1909f56bfc062723c751e8b465ee728b)
Start importing Assets/Tiles/_LargeToSmallTransition.prefab using Guid(611fcb0988ea668439368699b0b98cec) Importer(815301076,1909f56bfc062723c751e8b465ee728b)  -> (artifact id: 'ce5615727d502f159c85b4bac4a47d5a') in 0.005202 seconds 
========================================================================
Received Import Request.
  Time since last request: 0.994434 seconds.
  path: Assets/Tiles/_LargeToSmallTransition.prefab
  artifactKey: Guid(611fcb0988ea668439368699b0b98cec) Importer(815301076,1909f56bfc062723c751e8b465ee728b)
Start importing Assets/Tiles/_LargeToSmallTransition.prefab using Guid(611fcb0988ea668439368699b0b98cec) Importer(815301076,1909f56bfc062723c751e8b465ee728b)  -> (artifact id: 'b7e2144e6877c8621a832010990abc42') in 0.005086 seconds 
========================================================================
Received Import Request.
  Time since last request: 2.808533 seconds.
  path: Assets/Tiles/_LargeToSmallTransition.prefab
  artifactKey: Guid(611fcb0988ea668439368699b0b98cec) Importer(815301076,1909f56bfc062723c751e8b465ee728b)
Start importing Assets/Tiles/_LargeToSmallTransition.prefab using Guid(611fcb0988ea668439368699b0b98cec) Importer(815301076,1909f56bfc062723c751e8b465ee728b)  -> (artifact id: '402c4ce8b881ebfa77185be3ff6d850e') in 0.004263 seconds 
========================================================================
Received Import Request.
  Time since last request: 1.801370 seconds.
  path: Assets/Tiles/_LargeToSmallTransition.prefab
  artifactKey: Guid(611fcb0988ea668439368699b0b98cec) Importer(815301076,1909f56bfc062723c751e8b465ee728b)
Start importing Assets/Tiles/_LargeToSmallTransition.prefab using Guid(611fcb0988ea668439368699b0b98cec) Importer(815301076,1909f56bfc062723c751e8b465ee728b)  -> (artifact id: '0b43172a64448af1667a01a9838062e1') in 0.004395 seconds 
========================================================================
Received Import Request.
  Time since last request: 2.612336 seconds.
  path: Assets/Tiles/_LargeToSmallTransition.prefab
  artifactKey: Guid(611fcb0988ea668439368699b0b98cec) Importer(815301076,1909f56bfc062723c751e8b465ee728b)
Start importing Assets/Tiles/_LargeToSmallTransition.prefab using Guid(611fcb0988ea668439368699b0b98cec) Importer(815301076,1909f56bfc062723c751e8b465ee728b)  -> (artifact id: '0c02c322d033db794dfcf309acc0788d') in 0.004268 seconds 
========================================================================
Received Import Request.
  Time since last request: 0.798304 seconds.
  path: Assets/Tiles/_LargeToSmallTransition.prefab
  artifactKey: Guid(611fcb0988ea668439368699b0b98cec) Importer(815301076,1909f56bfc062723c751e8b465ee728b)
Start importing Assets/Tiles/_LargeToSmallTransition.prefab using Guid(611fcb0988ea668439368699b0b98cec) Importer(815301076,1909f56bfc062723c751e8b465ee728b)  -> (artifact id: 'bf66a4cb906e3617ba257e5267838b9a') in 0.004258 seconds 
========================================================================
Received Import Request.
  Time since last request: 1.207334 seconds.
  path: Assets/Tiles/_LargeToSmallTransition.prefab
  artifactKey: Guid(611fcb0988ea668439368699b0b98cec) Importer(815301076,1909f56bfc062723c751e8b465ee728b)
Start importing Assets/Tiles/_LargeToSmallTransition.prefab using Guid(611fcb0988ea668439368699b0b98cec) Importer(815301076,1909f56bfc062723c751e8b465ee728b)  -> (artifact id: 'd69b381f28dab01c2a44a0f306cd16f5') in 0.004686 seconds 
========================================================================
Received Import Request.
  Time since last request: 1.997351 seconds.
  path: Assets/Tiles/_LargeToSmallTransition.prefab
  artifactKey: Guid(611fcb0988ea668439368699b0b98cec) Importer(815301076,1909f56bfc062723c751e8b465ee728b)
Start importing Assets/Tiles/_LargeToSmallTransition.prefab using Guid(611fcb0988ea668439368699b0b98cec) Importer(815301076,1909f56bfc062723c751e8b465ee728b)  -> (artifact id: '4f9ca78feb4f61b0ac86808e56c0dc4f') in 0.004550 seconds 
========================================================================
Received Prepare
Registering precompiled user dll's ...
Registered in 0.004697 seconds.
Begin MonoManager ReloadAssembly
Native extension for WindowsStandalone target not found
Refreshing native plugins compatible for Editor in 0.68 ms, found 3 plugins.
Preloading 0 native plugins for Editor in 0.00 ms.
Mono: successfully reloaded assembly
- Completed reload, in  0.824 seconds
Domain Reload Profiling:
	ReloadAssembly (825ms)
		BeginReloadAssembly (135ms)
			ExecutionOrderSort (0ms)
			DisableScriptedObjects (4ms)
			BackupInstance (0ms)
			ReleaseScriptingObjects (0ms)
			CreateAndSetChildDomain (30ms)
		EndReloadAssembly (609ms)
			LoadAssemblies (76ms)
			RebuildTransferFunctionScriptingTraits (0ms)
			SetupTypeCache (175ms)
			ReleaseScriptCaches (1ms)
			RebuildScriptCaches (33ms)
			SetupLoadedEditorAssemblies (305ms)
				LogAssemblyErrors (0ms)
				InitializePlatformSupportModulesInManaged (13ms)
				SetLoadedEditorAssemblies (0ms)
				RefreshPlugins (1ms)
				BeforeProcessingInitializeOnLoad (56ms)
				ProcessInitializeOnLoadAttributes (206ms)
				ProcessInitializeOnLoadMethodAttributes (22ms)
				AfterProcessingInitializeOnLoad (7ms)
				EditorAssembliesLoaded (0ms)
			ExecutionOrderSort2 (0ms)
			AwakeInstancesAfterBackupRestoration (6ms)
Platform modules already initialized, skipping
Refreshing native plugins compatible for Editor in 0.98 ms, found 3 plugins.
Preloading 0 native plugins for Editor in 0.00 ms.
Unloading 3471 Unused Serialized files (Serialized files now loaded: 0)
Unloading 19 unused Assets / (69.8 KB). Loaded Objects now: 3969.
Memory consumption went from 127.8 MB to 127.8 MB.
Total: 2.551800 ms (FindLiveObjects: 0.246100 ms CreateObjectMapping: 0.117700 ms MarkObjects: 2.091900 ms  DeleteObjects: 0.094700 ms)

AssetImportParameters requested are different than current active one (requested -> active):
  custom:video-decoder-ogg-theora: a1e56fd34408186e4bbccfd4996cb3dc -> 
  custom:container-muxer-webm: aa71ff27fc2769a1b78a27578f13a17b -> 
  custom:container-demuxer-webm: 4f35f7cbe854078d1ac9338744f61a02 -> 
  custom:video-encoder-webm-vp8: eb34c28f22e8b96e1ab97ce403110664 -> 
  custom:audio-encoder-webm-vorbis: bf7c407c2cedff20999df2af8eb42d56 -> 
  custom:framework-win-MediaFoundation: 216162199b28c13a410421893ffa2e32 -> 
  custom:container-demuxer-ogg: 62fdf1f143b41e24485cea50d1cbac27 -> 
  custom:video-decoder-webm-vp8: 9c59270c3fd7afecdb556c50c9e8de78 -> 
  custom:audio-decoder-ogg-vorbis: bf7c407c2cedff20999df2af8eb42d56 -> 
========================================================================
Received Prepare
Registering precompiled user dll's ...
Registered in 0.004897 seconds.
Begin MonoManager ReloadAssembly
Native extension for WindowsStandalone target not found
Refreshing native plugins compatible for Editor in 0.62 ms, found 3 plugins.
Preloading 0 native plugins for Editor in 0.00 ms.
Mono: successfully reloaded assembly
- Completed reload, in  0.771 seconds
Domain Reload Profiling:
	ReloadAssembly (772ms)
		BeginReloadAssembly (117ms)
			ExecutionOrderSort (0ms)
			DisableScriptedObjects (4ms)
			BackupInstance (0ms)
			ReleaseScriptingObjects (0ms)
			CreateAndSetChildDomain (27ms)
		EndReloadAssembly (578ms)
			LoadAssemblies (60ms)
			RebuildTransferFunctionScriptingTraits (0ms)
			SetupTypeCache (163ms)
			ReleaseScriptCaches (1ms)
			RebuildScriptCaches (32ms)
			SetupLoadedEditorAssemblies (288ms)
				LogAssemblyErrors (0ms)
				InitializePlatformSupportModulesInManaged (10ms)
				SetLoadedEditorAssemblies (0ms)
				RefreshPlugins (1ms)
				BeforeProcessingInitializeOnLoad (59ms)
				ProcessInitializeOnLoadAttributes (190ms)
				ProcessInitializeOnLoadMethodAttributes (20ms)
				AfterProcessingInitializeOnLoad (7ms)
				EditorAssembliesLoaded (0ms)
			ExecutionOrderSort2 (0ms)
			AwakeInstancesAfterBackupRestoration (4ms)
Platform modules already initialized, skipping
Refreshing native plugins compatible for Editor in 0.77 ms, found 3 plugins.
Preloading 0 native plugins for Editor in 0.00 ms.
Unloading 3471 Unused Serialized files (Serialized files now loaded: 0)
Unloading 19 unused Assets / (69.8 KB). Loaded Objects now: 3971.
Memory consumption went from 127.8 MB to 127.8 MB.
Total: 2.332500 ms (FindLiveObjects: 0.233400 ms CreateObjectMapping: 0.110900 ms MarkObjects: 1.905700 ms  DeleteObjects: 0.081500 ms)

AssetImportParameters requested are different than current active one (requested -> active):
  custom:video-decoder-ogg-theora: a1e56fd34408186e4bbccfd4996cb3dc -> 
  custom:container-muxer-webm: aa71ff27fc2769a1b78a27578f13a17b -> 
  custom:container-demuxer-webm: 4f35f7cbe854078d1ac9338744f61a02 -> 
  custom:video-encoder-webm-vp8: eb34c28f22e8b96e1ab97ce403110664 -> 
  custom:audio-encoder-webm-vorbis: bf7c407c2cedff20999df2af8eb42d56 -> 
  custom:framework-win-MediaFoundation: 216162199b28c13a410421893ffa2e32 -> 
  custom:container-demuxer-ogg: 62fdf1f143b41e24485cea50d1cbac27 -> 
  custom:video-decoder-webm-vp8: 9c59270c3fd7afecdb556c50c9e8de78 -> 
  custom:audio-decoder-ogg-vorbis: bf7c407c2cedff20999df2af8eb42d56 -> 
========================================================================
Received Prepare
Registering precompiled user dll's ...
Registered in 0.005199 seconds.
Begin MonoManager ReloadAssembly
Native extension for WindowsStandalone target not found
Refreshing native plugins compatible for Editor in 0.55 ms, found 3 plugins.
Preloading 0 native plugins for Editor in 0.00 ms.
Mono: successfully reloaded assembly
- Completed reload, in  0.795 seconds
Domain Reload Profiling:
	ReloadAssembly (796ms)
		BeginReloadAssembly (125ms)
			ExecutionOrderSort (0ms)
			DisableScriptedObjects (4ms)
			BackupInstance (0ms)
			ReleaseScriptingObjects (0ms)
			CreateAndSetChildDomain (26ms)
		EndReloadAssembly (595ms)
			LoadAssemblies (62ms)
			RebuildTransferFunctionScriptingTraits (0ms)
			SetupTypeCache (164ms)
			ReleaseScriptCaches (1ms)
			RebuildScriptCaches (31ms)
			SetupLoadedEditorAssemblies (299ms)
				LogAssemblyErrors (0ms)
				InitializePlatformSupportModulesInManaged (10ms)
				SetLoadedEditorAssemblies (0ms)
				RefreshPlugins (1ms)
				BeforeProcessingInitializeOnLoad (56ms)
				ProcessInitializeOnLoadAttributes (201ms)
				ProcessInitializeOnLoadMethodAttributes (22ms)
				AfterProcessingInitializeOnLoad (9ms)
				EditorAssembliesLoaded (0ms)
			ExecutionOrderSort2 (0ms)
			AwakeInstancesAfterBackupRestoration (5ms)
Platform modules already initialized, skipping
Refreshing native plugins compatible for Editor in 0.64 ms, found 3 plugins.
Preloading 0 native plugins for Editor in 0.00 ms.
Unloading 3471 Unused Serialized files (Serialized files now loaded: 0)
Unloading 19 unused Assets / (69.7 KB). Loaded Objects now: 3973.
Memory consumption went from 127.8 MB to 127.8 MB.
Total: 2.370400 ms (FindLiveObjects: 0.222500 ms CreateObjectMapping: 0.122400 ms MarkObjects: 1.950100 ms  DeleteObjects: 0.073900 ms)

AssetImportParameters requested are different than current active one (requested -> active):
  custom:video-decoder-ogg-theora: a1e56fd34408186e4bbccfd4996cb3dc -> 
  custom:container-muxer-webm: aa71ff27fc2769a1b78a27578f13a17b -> 
  custom:container-demuxer-webm: 4f35f7cbe854078d1ac9338744f61a02 -> 
  custom:video-encoder-webm-vp8: eb34c28f22e8b96e1ab97ce403110664 -> 
  custom:audio-encoder-webm-vorbis: bf7c407c2cedff20999df2af8eb42d56 -> 
  custom:framework-win-MediaFoundation: 216162199b28c13a410421893ffa2e32 -> 
  custom:container-demuxer-ogg: 62fdf1f143b41e24485cea50d1cbac27 -> 
  custom:video-decoder-webm-vp8: 9c59270c3fd7afecdb556c50c9e8de78 -> 
  custom:audio-decoder-ogg-vorbis: bf7c407c2cedff20999df2af8eb42d56 -> 
